<?xml version="1.0" encoding="UTF-8"?>
<!-- Generated by org.testng.reporters.JUnitReportReporter -->
<testsuite skipped="2" hostname="WRGVMOFF147" name="com.wrg.PC.Tests.Property_PolicyCenterTests" tests="6" failures="0" timestamp="2020-07-24T09:33:15 EDT" time="271.991" errors="0">
  <testcase name="validateLeapYearScenario" time="48.628" classname="com.wrg.PC.Tests.Property_PolicyCenterTests"/>
  <system-out>
<tr><td></td><td></td><td></td><td><font size="2" face="Comic sans MS" color="green"><b>Test Case validateLeapYearScenario started on 1595597376182</b></font></td> <tr><td></td><td></td><td></td><td><font size="2" face="Comic sans MS" color="green"><b>URI: https://t4pc.wrg-ins.net:8543/PolicyCenter.do</b></font></td> <td><font size="2" face="Comic sans MS" color="green"><b>type Blue_Agency in input field.</b></font></td></tr> <td><font size="2" face="Comic sans MS" color="green"><b>type Automation_Applicant_2020_07_24_09_29_36 in input field.</b></font></td></tr> <td><font size="2" face="Comic sans MS" color="green"><b>type 251 Pennylvania Pkwy in input field.</b></font></td></tr> <td><font size="2" face="Comic sans MS" color="green"><b>type Indianapolis in input field.</b></font></td></tr> <td><font size="2" face="Comic sans MS" color="green"><b>type test in input field.</b></font></td></tr> <td><font size="2" face="Comic sans MS" color="green"><b>type 46280 in input field.</b></font></td></tr> <td><font size="2" face="Comic sans MS" color="green"><b>type FORWARD AGENCIES in input field.</b></font></td></tr> <td><font size="2" face="Comic sans MS" color="green"><b>type 139111 in input field.</b></font></td></tr> <td><font size="2" face="Comic sans MS" color="green"><b>type 09001 in input field.</b></font></td></tr> <td><font size="2" face="Comic sans MS" color="green"><b>clicked on webelement</b></font></td></tr> <td><font size="2" face="Comic sans MS" color="green"><b>clicked on webelement</b></font></td></tr> <td><font size="2" face="Comic sans MS" color="green"><b>clicked on webelement</b></font></td></tr> <td><font size="2" face="Comic sans MS" color="green"><b>clicked on webelement</b></font></td></tr> <td><font size="2" face="Comic sans MS" color="green"><b>clicked on webelement</b></font></td></tr> <td><font size="2" face="Comic sans MS" color="green"><b>clicked on webelement</b></font></td></tr> <td><font size="2" face="Comic sans MS" color="green"><b>type 02/29/2020 in input field.</b></font></td></tr> <td><font size="2" face="Comic sans MS" color="green"><b>type 02/28/2021 in input field.</b></font></td></tr> <tr><td></td><td></td><td></td><td><font size="2" face="Comic sans MS" color="green"><b>Test validateLeapYearScenario1</b></font></td>  </system-out>
  <testcase name="validateLabelsAndErrorMessagesForElectronicCommerceCoverage" time="20.059" classname="com.wrg.PC.Tests.Property_PolicyCenterTests">
    <skipped/>
  </testcase> <!-- validateLabelsAndErrorMessagesForElectronicCommerceCoverage -->
  <system-out>
<tr><td></td><td></td><td></td><td><font size="2" face="Comic sans MS" color="green"><b>Test Case validateLabelsAndErrorMessagesForElectronicCommerceCoverage started on 1595597427578</b></font></td> <tr><td></td><td></td><td></td><td><font size="2" face="Comic sans MS" color="green"><b>URI: https://t4pc.wrg-ins.net:8543/PolicyCenter.do</b></font></td> <tr><td></td><td></td><td></td><td><font size="2" face="Comic sans MS" color="green"><b>Test validateLabelsAndErrorMessagesForElectronicCommerceCoverage Skipped</b></font></td>  </system-out>
  <testcase name="validatePolicyLevelAndAdditionalCoveragesCoveragesOnCommercialPropertyLinePage" time="20.069" classname="com.wrg.PC.Tests.Property_PolicyCenterTests">
    <skipped/>
  </testcase> <!-- validatePolicyLevelAndAdditionalCoveragesCoveragesOnCommercialPropertyLinePage -->
  <system-out>
<tr><td></td><td></td><td></td><td><font size="2" face="Comic sans MS" color="green"><b>Test Case validatePolicyLevelAndAdditionalCoveragesCoveragesOnCommercialPropertyLinePage started on 1595597510621</b></font></td> <tr><td></td><td></td><td></td><td><font size="2" face="Comic sans MS" color="green"><b>URI: https://t4pc.wrg-ins.net:8543/PolicyCenter.do</b></font></td> <tr><td></td><td></td><td></td><td><font size="2" face="Comic sans MS" color="green"><b>Test validatePolicyLevelAndAdditionalCoveragesCoveragesOnCommercialPropertyLinePage Skipped</b></font></td>  </system-out>
  <testcase name="validateLabelsAndErrorMessagesForElectronicCommerceCoverage" time="60.488" classname="com.wrg.PC.Tests.Property_PolicyCenterTests"/>
  <system-out>
<tr><td></td><td></td><td></td><td><font size="2" face="Comic sans MS" color="green"><b>Test Case validateLabelsAndErrorMessagesForElectronicCommerceCoverage started on 1595597447640</b></font></td> <tr><td></td><td></td><td></td><td><font size="2" face="Comic sans MS" color="green"><b>URI: https://t4pc.wrg-ins.net:8543/PolicyCenter.do</b></font></td> <td><font size="2" face="Comic sans MS" color="green"><b>type Blue_Agency in input field.</b></font></td></tr> <td><font size="2" face="Comic sans MS" color="green"><b>type Automation_Applicant_2020_07_24_09_30_47 in input field.</b></font></td></tr> <td><font size="2" face="Comic sans MS" color="green"><b>type 251 Pennylvania Pkwy in input field.</b></font></td></tr> <td><font size="2" face="Comic sans MS" color="green"><b>type Indianapolis in input field.</b></font></td></tr> <td><font size="2" face="Comic sans MS" color="green"><b>type test in input field.</b></font></td></tr> <td><font size="2" face="Comic sans MS" color="green"><b>type 46280 in input field.</b></font></td></tr> <td><font size="2" face="Comic sans MS" color="green"><b>type FORWARD AGENCIES in input field.</b></font></td></tr> <td><font size="2" face="Comic sans MS" color="green"><b>type 139111 in input field.</b></font></td></tr> <td><font size="2" face="Comic sans MS" color="green"><b>type 09001 in input field.</b></font></td></tr> <td><font size="2" face="Comic sans MS" color="green"><b>clicked on webelement</b></font></td></tr> <td><font size="2" face="Comic sans MS" color="green"><b>clicked on webelement</b></font></td></tr> <td><font size="2" face="Comic sans MS" color="green"><b>clicked on webelement</b></font></td></tr> <td><font size="2" face="Comic sans MS" color="green"><b>clicked on webelement</b></font></td></tr> <td><font size="2" face="Comic sans MS" color="green"><b>clicked on webelement</b></font></td></tr> <td><font size="2" face="Comic sans MS" color="green"><b>clicked on webelement</b></font></td></tr> <td><font size="2" face="Comic sans MS" color="green"><b>clicked on webelement</b></font></td></tr> <td><font size="2" face="Comic sans MS" color="green"><b>clicked on webelement</b></font></td></tr> <td><font size="2" face="Comic sans MS" color="green"><b>type Test in input field.</b></font></td></tr> <td><font size="2" face="Comic sans MS" color="green"><b>type Test in input field.</b></font></td></tr> <td><font size="2" face="Comic sans MS" color="green"><b>type Test in input field.</b></font></td></tr> <td><font size="2" face="Comic sans MS" color="green"><b>type Test in input field.</b></font></td></tr> <tr><td></td><td></td><td></td><td><font size="2" face="Comic sans MS" color="green"><b>Test validateLabelsAndErrorMessagesForElectronicCommerceCoverage1</b></font></td>  </system-out>
  <testcase name="checkAllValidationsOnPolicyInfoPage" time="62.544" classname="com.wrg.PC.Tests.Property_PolicyCenterTests"/>
  <system-out>
<tr><td></td><td></td><td></td><td><font size="2" face="Comic sans MS" color="green"><b>Test Case checkAllValidationsOnPolicyInfoPage started on 1595597309833</b></font></td> <tr><td></td><td></td><td></td><td><font size="2" face="Comic sans MS" color="green"><b>URI: https://t4pc.wrg-ins.net:8543/PolicyCenter.do</b></font></td> <td><font size="2" face="Comic sans MS" color="green"><b>type Blue_Agency in input field.</b></font></td></tr> <td><font size="2" face="Comic sans MS" color="green"><b>type Automation_Applicant_2020_07_24_09_28_30 in input field.</b></font></td></tr> <td><font size="2" face="Comic sans MS" color="green"><b>type 251 Pennylvania Pkwy in input field.</b></font></td></tr> <td><font size="2" face="Comic sans MS" color="green"><b>type Indianapolis in input field.</b></font></td></tr> <td><font size="2" face="Comic sans MS" color="green"><b>type test in input field.</b></font></td></tr> <td><font size="2" face="Comic sans MS" color="green"><b>type 46280 in input field.</b></font></td></tr> <td><font size="2" face="Comic sans MS" color="green"><b>type FORWARD AGENCIES in input field.</b></font></td></tr> <td><font size="2" face="Comic sans MS" color="green"><b>type 139111 in input field.</b></font></td></tr> <td><font size="2" face="Comic sans MS" color="green"><b>type 09001 in input field.</b></font></td></tr> <td><font size="2" face="Comic sans MS" color="green"><b>clicked on webelement</b></font></td></tr> <td><font size="2" face="Comic sans MS" color="green"><b>clicked on webelement</b></font></td></tr> <td><font size="2" face="Comic sans MS" color="green"><b>clicked on webelement</b></font></td></tr> <td><font size="2" face="Comic sans MS" color="green"><b>clicked on webelement</b></font></td></tr> <td><font size="2" face="Comic sans MS" color="green"><b>clicked on webelement</b></font></td></tr> <td><font size="2" face="Comic sans MS" color="green"><b>clicked on webelement</b></font></td></tr> <td><font size="2" face="Comic sans MS" color="green"><b>clicked on webelement</b></font></td></tr> <td><font size="2" face="Comic sans MS" color="green"><b>clicked on webelement</b></font></td></tr> <td><font size="2" face="Comic sans MS" color="green"><b>clicked on webelement</b></font></td></tr> <td><font size="2" face="Comic sans MS" color="green"><b>clicked on webelement</b></font></td></tr> <td><font size="2" face="Comic sans MS" color="green"><b>type asfabfkd in input field.</b></font></td></tr> <td><font size="2" face="Comic sans MS" color="green"><b>type asfabfkd in input field.</b></font></td></tr> <td><font size="2" face="Comic sans MS" color="green"><b>clicked on webelement</b></font></td></tr> <td><font size="2" face="Comic sans MS" color="green"><b>type afafa in input field.</b></font></td></tr> <td><font size="2" face="Comic sans MS" color="green"><b>type asfabfkd in input field.</b></font></td></tr> <tr><td></td><td></td><td></td><td><font size="2" face="Comic sans MS" color="green"><b>Test checkAllValidationsOnPolicyInfoPage1</b></font></td>  </system-out>
  <testcase name="validatePolicyLevelAndAdditionalCoveragesCoveragesOnCommercialPropertyLinePage" time="60.203" classname="com.wrg.PC.Tests.Property_PolicyCenterTests"/>
  <system-out>
<tr><td></td><td></td><td></td><td><font size="2" face="Comic sans MS" color="green"><b>Test Case validatePolicyLevelAndAdditionalCoveragesCoveragesOnCommercialPropertyLinePage started on 1595597530691</b></font></td> <tr><td></td><td></td><td></td><td><font size="2" face="Comic sans MS" color="green"><b>URI: https://t4pc.wrg-ins.net:8543/PolicyCenter.do</b></font></td> <td><font size="2" face="Comic sans MS" color="green"><b>type Blue_Agency in input field.</b></font></td></tr> <td><font size="2" face="Comic sans MS" color="green"><b>type Automation_Applicant_2020_07_24_09_32_10 in input field.</b></font></td></tr> <td><font size="2" face="Comic sans MS" color="green"><b>type 251 Pennylvania Pkwy in input field.</b></font></td></tr> <td><font size="2" face="Comic sans MS" color="green"><b>type Indianapolis in input field.</b></font></td></tr> <td><font size="2" face="Comic sans MS" color="green"><b>type test in input field.</b></font></td></tr> <td><font size="2" face="Comic sans MS" color="green"><b>type 46280 in input field.</b></font></td></tr> <td><font size="2" face="Comic sans MS" color="green"><b>type FORWARD AGENCIES in input field.</b></font></td></tr> <td><font size="2" face="Comic sans MS" color="green"><b>type 139111 in input field.</b></font></td></tr> <td><font size="2" face="Comic sans MS" color="green"><b>type 09001 in input field.</b></font></td></tr> <td><font size="2" face="Comic sans MS" color="green"><b>clicked on webelement</b></font></td></tr> <td><font size="2" face="Comic sans MS" color="green"><b>clicked on webelement</b></font></td></tr> <td><font size="2" face="Comic sans MS" color="green"><b>clicked on webelement</b></font></td></tr> <td><font size="2" face="Comic sans MS" color="green"><b>clicked on webelement</b></font></td></tr> <td><font size="2" face="Comic sans MS" color="green"><b>clicked on webelement</b></font></td></tr> <td><font size="2" face="Comic sans MS" color="green"><b>clicked on webelement</b></font></td></tr> <td><font size="2" face="Comic sans MS" color="green"><b>clicked on webelement</b></font></td></tr> <td><font size="2" face="Comic sans MS" color="green"><b>clicked on webelement</b></font></td></tr> <td><font size="2" face="Comic sans MS" color="green"><b>clicked on webelement</b></font></td></tr> <tr><td></td><td></td><td></td><td><font size="2" face="Comic sans MS" color="green"><b>Test validatePolicyLevelAndAdditionalCoveragesCoveragesOnCommercialPropertyLinePage1</b></font></td>  </system-out>
</testsuite> <!-- com.wrg.PC.Tests.Property_PolicyCenterTests -->
