<?xml version="1.0" encoding="UTF-8"?>
<!-- Generated by org.testng.reporters.JUnitReportReporter -->
<testsuite skipped="0" hostname="WRGVMOFF172" name="com.wrg.PC.Tests.BOP_PolicyCenterTests" tests="1" failures="0" timestamp="2020-08-26T01:28:37 EDT" time="174.717" errors="0">
  <testcase name="verifyNewQuoteIsCreatedViaPolicyCenter" time="174.717" classname="com.wrg.PC.Tests.BOP_PolicyCenterTests"/>
  <system-out>
<tr><td></td><td></td><td></td><td><font size="2" face="Comic sans MS" color="green"><b>Test Case verifyNewQuoteIsCreatedViaPolicyCenter started on 1598419541931</b></font></td> <tr><td></td><td></td><td></td><td><font size="2" face="Comic sans MS" color="green"><b>URI: https://t3pc.wrg-ins.net:8543/PolicyCenter.do</b></font></td> <td><font size="2" face="Comic sans MS" color="green"><b>type Blue_Agency in input field.</b></font></td></tr> <td><font size="2" face="Comic sans MS" color="green"><b>type BOP_Quote_2020_08_26_01_25_42 in input field.</b></font></td></tr> <td><font size="2" face="Comic sans MS" color="green"><b>type 377 West, Liberty Street in input field.</b></font></td></tr> <td><font size="2" face="Comic sans MS" color="green"><b>type Wooster in input field.</b></font></td></tr> <td><font size="2" face="Comic sans MS" color="green"><b>type test in input field.</b></font></td></tr> <td><font size="2" face="Comic sans MS" color="green"><b>type 44691 in input field.</b></font></td></tr> <td><font size="2" face="Comic sans MS" color="green"><b>type FORWARD AGENCIES in input field.</b></font></td></tr> <td><font size="2" face="Comic sans MS" color="green"><b>type 349111 in input field.</b></font></td></tr> <td><font size="2" face="Comic sans MS" color="green"><b>type 09001 in input field.</b></font></td></tr> <td><font size="2" face="Comic sans MS" color="green"><b>clicked on webelement</b></font></td></tr> <td><font size="2" face="Comic sans MS" color="green"><b>clicked on webelement</b></font></td></tr> <td><font size="2" face="Comic sans MS" color="green"><b>clicked on webelement</b></font></td></tr> <td><font size="2" face="Comic sans MS" color="green"><b>clicked on webelement</b></font></td></tr> <td><font size="2" face="Comic sans MS" color="green"><b>clicked on webelement</b></font></td></tr> <td><font size="2" face="Comic sans MS" color="green"><b>clicked on webelement</b></font></td></tr> <td><font size="2" face="Comic sans MS" color="green"><b>clicked on webelement</b></font></td></tr> <td><font size="2" face="Comic sans MS" color="green"><b>clicked on webelement</b></font></td></tr> <td><font size="2" face="Comic sans MS" color="green"><b>clicked on webelement</b></font></td></tr> <td><font size="2" face="Comic sans MS" color="green"><b>clicked on webelement</b></font></td></tr> <td><font size="2" face="Comic sans MS" color="green"><b>clicked on webelement</b></font></td></tr> <td><font size="2" face="Comic sans MS" color="green"><b>clicked on webelement</b></font></td></tr> <td><font size="2" face="Comic sans MS" color="green"><b>clicked on webelement</b></font></td></tr> <td><font size="2" face="Comic sans MS" color="green"><b>clicked on webelement</b></font></td></tr> <td><font size="2" face="Comic sans MS" color="green"><b>type 2015 in input field.</b></font></td></tr> <td><font size="2" face="Comic sans MS" color="green"><b>clicked on webelement</b></font></td></tr> <td><font size="2" face="Comic sans MS" color="green"><b>clicked on webelement</b></font></td></tr> <td><font size="2" face="Comic sans MS" color="green"><b>type 20000 in input field.</b></font></td></tr> <td><font size="2" face="Comic sans MS" color="green"><b>type 1500 in input field.</b></font></td></tr> <td><font size="2" face="Comic sans MS" color="green"><b>clicked on webelement</b></font></td></tr> <td><font size="2" face="Comic sans MS" color="green"><b>clicked on webelement</b></font></td></tr> <td><font size="2" face="Comic sans MS" color="green"><b>clicked on webelement</b></font></td></tr> <td><font size="2" face="Comic sans MS" color="green"><b>clicked on webelement</b></font></td></tr> <td><font size="2" face="Comic sans MS" color="green"><b>clicked on webelement</b></font></td></tr> <td><font size="2" face="Comic sans MS" color="green"><b>type BOP_Quote_2020_08_26_01_26_21 in input field.</b></font></td></tr> <td><font size="2" face="Comic sans MS" color="green"><b>type 377 West, Liberty Street in input field.</b></font></td></tr> <td><font size="2" face="Comic sans MS" color="green"><b>type Wooster in input field.</b></font></td></tr> <td><font size="2" face="Comic sans MS" color="green"><b>type 44691 in input field.</b></font></td></tr> <td><font size="2" face="Comic sans MS" color="green"><b>clicked on webelement</b></font></td></tr> <td><font size="2" face="Comic sans MS" color="green"><b>clicked on webelement</b></font></td></tr> <td><font size="2" face="Comic sans MS" color="green"><b>clicked on webelement</b></font></td></tr> <td><font size="2" face="Comic sans MS" color="green"><b>clicked on webelement</b></font></td></tr> <td><font size="2" face="Comic sans MS" color="green"><b>type test_2020_08_26_01_26_21 in input field.</b></font></td></tr> <td><font size="2" face="Comic sans MS" color="green"><b>type 377 West, Liberty Street in input field.</b></font></td></tr> <td><font size="2" face="Comic sans MS" color="green"><b>type Wooster in input field.</b></font></td></tr> <td><font size="2" face="Comic sans MS" color="green"><b>type 44691 in input field.</b></font></td></tr> <td><font size="2" face="Comic sans MS" color="green"><b>clicked on webelement</b></font></td></tr> <td><font size="2" face="Comic sans MS" color="green"><b>clicked on webelement</b></font></td></tr> <td><font size="2" face="Comic sans MS" color="green"><b>clicked on webelement</b></font></td></tr> <td><font size="2" face="Comic sans MS" color="green"><b>clicked on webelement</b></font></td></tr> <tr><td></td><td></td><td></td><td><font size="2" face="Comic sans MS" color="green"><b>Test verifyNewQuoteIsCreatedViaPolicyCenter1</b></font></td>  </system-out>
</testsuite> <!-- com.wrg.PC.Tests.BOP_PolicyCenterTests -->
