<?xml version="1.0" encoding="UTF-8"?>
<!-- Generated by org.testng.reporters.JUnitReportReporter -->
<testsuite skipped="0" hostname="WRGVMOFF147" name="com.wrg.Regression.Tests.BC_RegressionTests" tests="1" failures="0" timestamp="2020-08-13T10:46:23 EDT" time="468.435" errors="0">
  <testcase name="create2PolicesLinkedToSingleAccount" time="468.435" classname="com.wrg.Regression.Tests.BC_RegressionTests"/>
  <system-out>
<tr><td></td><td></td><td></td><td><font size="2" face="Comic sans MS" color="green"><b>Test Case create2PolicesLinkedToSingleAccount started on 1597329513142</b></font></td> <tr><td></td><td></td><td></td><td><font size="2" face="Comic sans MS" color="green"><b>URI: https://t4agency.wrg-ins.com/portal/html/#!/home/</b></font></td> <td><font size="2" face="Comic sans MS" color="green"><b>clicked on webelement</b></font></td></tr> <td><font size="2" face="Comic sans MS" color="green"><b>type Automation_Applicant_2020_08_13_10_38_33 in input field.</b></font></td></tr> <td><font size="2" face="Comic sans MS" color="green"><b>clicked on webelement</b></font></td></tr> <td><font size="2" face="Comic sans MS" color="green"><b>select (by option)FORWARD AGENCIES INC (000) from the dropdown</b></font></td></tr> <td><font size="2" face="Comic sans MS" color="green"><b>type 251 Pennylvania Pkwy in input field.</b></font></td></tr> <td><font size="2" face="Comic sans MS" color="green"><b>type Indianapolis in input field.</b></font></td></tr> <td><font size="2" face="Comic sans MS" color="green"><b>select (by option)Indiana from the dropdown</b></font></td></tr> <td><font size="2" face="Comic sans MS" color="green"><b>type 46280 in input field.</b></font></td></tr> <td><font size="2" face="Comic sans MS" color="green"><b>select (by option)Limited Liability Company (LLC) from the dropdown</b></font></td></tr> <td><font size="2" face="Comic sans MS" color="green"><b>type test in input field.</b></font></td></tr> <td><font size="2" face="Comic sans MS" color="green"><b>type 09011 in input field.</b></font></td></tr> <td><font size="2" face="Comic sans MS" color="green"><b>clicked on webelement</b></font></td></tr> <td><font size="2" face="Comic sans MS" color="green"><b>clicked on webelement</b></font></td></tr> <td><font size="2" face="Comic sans MS" color="green"><b>type 2017 in input field.</b></font></td></tr> <td><font size="2" face="Comic sans MS" color="green"><b>select (by option)Frame from the dropdown</b></font></td></tr> <td><font size="2" face="Comic sans MS" color="green"><b>type 15000 in input field.</b></font></td></tr> <td><font size="2" face="Comic sans MS" color="green"><b>select (by option)2% from the dropdown</b></font></td></tr> <td><font size="2" face="Comic sans MS" color="green"><b>select (by option)10% or less from the dropdown</b></font></td></tr> <td><font size="2" face="Comic sans MS" color="green"><b>type 1200 in input field.</b></font></td></tr> <td><font size="2" face="Comic sans MS" color="green"><b>type 201-787-8786 in input field.</b></font></td></tr> <td><font size="2" face="Comic sans MS" color="green"><b>select (by option)Allstate from the dropdown</b></font></td></tr> <td><font size="2" face="Comic sans MS" color="green"><b>clicked on webelement</b></font></td></tr> <tr><td></td><td></td><td></td><td><font size="2" face="Comic sans MS" color="green"><b>URI: https://t4pc.wrg-ins.net:8543/PolicyCenter.do</b></font></td> <td><font size="2" face="Comic sans MS" color="green"><b>type 0000004253 in input field.</b></font></td></tr> <td><font size="2" face="Comic sans MS" color="green"><b>clicked on webelement</b></font></td></tr> <td><font size="2" face="Comic sans MS" color="green"><b>type 04/03/2024 in input field.</b></font></td></tr> <td><font size="2" face="Comic sans MS" color="green"><b>clicked on webelement</b></font></td></tr> <td><font size="2" face="Comic sans MS" color="green"><b>clicked on webelement</b></font></td></tr> <td><font size="2" face="Comic sans MS" color="green"><b>clicked on webelement</b></font></td></tr> <td><font size="2" face="Comic sans MS" color="green"><b>clicked on webelement</b></font></td></tr> <td><font size="2" face="Comic sans MS" color="green"><b>clicked on webelement</b></font></td></tr> <td><font size="2" face="Comic sans MS" color="green"><b>clicked on webelement</b></font></td></tr> <td><font size="2" face="Comic sans MS" color="green"><b>clicked on webelement</b></font></td></tr> <td><font size="2" face="Comic sans MS" color="green"><b>clicked on webelement</b></font></td></tr> <td><font size="2" face="Comic sans MS" color="green"><b>type 123456789 in input field.</b></font></td></tr> <td><font size="2" face="Comic sans MS" color="green"><b>type 123456 in input field.</b></font></td></tr> <td><font size="2" face="Comic sans MS" color="green"><b>type test in input field.</b></font></td></tr> <td><font size="2" face="Comic sans MS" color="green"><b>type "ICICI" in input field.</b></font></td></tr> <td><font size="2" face="Comic sans MS" color="green"><b>clicked on webelement</b></font></td></tr> <td><font size="2" face="Comic sans MS" color="green"><b>type 123456 in input field.</b></font></td></tr> <td><font size="2" face="Comic sans MS" color="green"><b>clicked on webelement</b></font></td></tr> <td><font size="2" face="Comic sans MS" color="green"><b>type 09011 in input field.</b></font></td></tr> <td><font size="2" face="Comic sans MS" color="green"><b>clicked on webelement</b></font></td></tr> <td><font size="2" face="Comic sans MS" color="green"><b>clicked on webelement</b></font></td></tr> <td><font size="2" face="Comic sans MS" color="green"><b>clicked on webelement</b></font></td></tr> <td><font size="2" face="Comic sans MS" color="green"><b>clicked on webelement</b></font></td></tr> <td><font size="2" face="Comic sans MS" color="green"><b>clicked on webelement</b></font></td></tr> <td><font size="2" face="Comic sans MS" color="green"><b>clicked on webelement</b></font></td></tr> <td><font size="2" face="Comic sans MS" color="green"><b>clicked on webelement</b></font></td></tr> <td><font size="2" face="Comic sans MS" color="green"><b>clicked on webelement</b></font></td></tr> <td><font size="2" face="Comic sans MS" color="green"><b>type 01/01/2024 in input field.</b></font></td></tr> <td><font size="2" face="Comic sans MS" color="green"><b>clicked on webelement</b></font></td></tr> <td><font size="2" face="Comic sans MS" color="green"><b>clicked on webelement</b></font></td></tr> <td><font size="2" face="Comic sans MS" color="green"><b>clicked on webelement</b></font></td></tr> <td><font size="2" face="Comic sans MS" color="green"><b>clicked on webelement</b></font></td></tr> <td><font size="2" face="Comic sans MS" color="green"><b>clicked on webelement</b></font></td></tr> <td><font size="2" face="Comic sans MS" color="green"><b>type 2015 in input field.</b></font></td></tr> <td><font size="2" face="Comic sans MS" color="green"><b>clicked on webelement</b></font></td></tr> <td><font size="2" face="Comic sans MS" color="green"><b>clicked on webelement</b></font></td></tr> <td><font size="2" face="Comic sans MS" color="green"><b>type 20000 in input field.</b></font></td></tr> <td><font size="2" face="Comic sans MS" color="green"><b>type 1500 in input field.</b></font></td></tr> <td><font size="2" face="Comic sans MS" color="green"><b>clicked on webelement</b></font></td></tr> <td><font size="2" face="Comic sans MS" color="green"><b>clicked on webelement</b></font></td></tr> <td><font size="2" face="Comic sans MS" color="green"><b>clicked on webelement</b></font></td></tr> <td><font size="2" face="Comic sans MS" color="green"><b>clicked on webelement</b></font></td></tr> <td><font size="2" face="Comic sans MS" color="green"><b>clicked on webelement</b></font></td></tr> <td><font size="2" face="Comic sans MS" color="green"><b>type Additional_Insured_2020_08_13_10_42_39 in input field.</b></font></td></tr> <td><font size="2" face="Comic sans MS" color="green"><b>type 251 Pennylvania Pkwy in input field.</b></font></td></tr> <td><font size="2" face="Comic sans MS" color="green"><b>type Indianapolis in input field.</b></font></td></tr> <td><font size="2" face="Comic sans MS" color="green"><b>type 46280 in input field.</b></font></td></tr> <td><font size="2" face="Comic sans MS" color="green"><b>clicked on webelement</b></font></td></tr> <td><font size="2" face="Comic sans MS" color="green"><b>clicked on webelement</b></font></td></tr> <td><font size="2" face="Comic sans MS" color="green"><b>clicked on webelement</b></font></td></tr> <td><font size="2" face="Comic sans MS" color="green"><b>clicked on webelement</b></font></td></tr> <td><font size="2" face="Comic sans MS" color="green"><b>type test_2020_08_13_10_42_39 in input field.</b></font></td></tr> <td><font size="2" face="Comic sans MS" color="green"><b>type 251 Pennylvania Pkwy in input field.</b></font></td></tr> <td><font size="2" face="Comic sans MS" color="green"><b>type Indianapolis in input field.</b></font></td></tr> <td><font size="2" face="Comic sans MS" color="green"><b>type 46280 in input field.</b></font></td></tr> <td><font size="2" face="Comic sans MS" color="green"><b>clicked on webelement</b></font></td></tr> <td><font size="2" face="Comic sans MS" color="green"><b>clicked on webelement</b></font></td></tr> <td><font size="2" face="Comic sans MS" color="green"><b>clicked on webelement</b></font></td></tr> <td><font size="2" face="Comic sans MS" color="green"><b>clicked on webelement</b></font></td></tr> <td><font size="2" face="Comic sans MS" color="green"><b>clicked on webelement</b></font></td></tr> <td><font size="2" face="Comic sans MS" color="green"><b>clicked on webelement</b></font></td></tr> <td><font size="2" face="Comic sans MS" color="green"><b>clicked on webelement</b></font></td></tr> <td><font size="2" face="Comic sans MS" color="green"><b>clicked on webelement</b></font></td></tr> <td><font size="2" face="Comic sans MS" color="green"><b>clicked on webelement</b></font></td></tr> <td><font size="2" face="Comic sans MS" color="green"><b>clicked on webelement</b></font></td></tr> <td><font size="2" face="Comic sans MS" color="green"><b>clicked on webelement</b></font></td></tr> <td><font size="2" face="Comic sans MS" color="green"><b>clicked on webelement</b></font></td></tr> <td><font size="2" face="Comic sans MS" color="green"><b>clicked on webelement</b></font></td></tr> <td><font size="2" face="Comic sans MS" color="green"><b>type 123456789 in input field.</b></font></td></tr> <td><font size="2" face="Comic sans MS" color="green"><b>type 123456 in input field.</b></font></td></tr> <td><font size="2" face="Comic sans MS" color="green"><b>type test in input field.</b></font></td></tr> <td><font size="2" face="Comic sans MS" color="green"><b>type "ICICI" in input field.</b></font></td></tr> <td><font size="2" face="Comic sans MS" color="green"><b>clicked on webelement</b></font></td></tr> <td><font size="2" face="Comic sans MS" color="green"><b>type 123456 in input field.</b></font></td></tr> <td><font size="2" face="Comic sans MS" color="green"><b>clicked on webelement</b></font></td></tr> <tr><td></td><td></td><td></td><td><font size="2" face="Comic sans MS" color="green"><b>URI: https://t4bc.wrg-ins.net:8943/BillingCenter.do</b></font></td> <td><font size="2" face="Comic sans MS" color="green"><b>clicked on webelement</b></font></td></tr> <td><font size="2" face="Comic sans MS" color="green"><b>type 0080000774 in input field.</b></font></td></tr> <td><font size="2" face="Comic sans MS" color="green"><b>clicked on webelement</b></font></td></tr> <td><font size="2" face="Comic sans MS" color="green"><b>clicked on webelement</b></font></td></tr> <tr><td></td><td></td><td></td><td><font size="2" face="Comic sans MS" color="green"><b>Test create2PolicesLinkedToSingleAccount1</b></font></td>  </system-out>
</testsuite> <!-- com.wrg.Regression.Tests.BC_RegressionTests -->
