<?xml version="1.0" encoding="UTF-8"?>
<!-- Generated by org.testng.reporters.JUnitReportReporter -->
<testsuite skipped="0" hostname="WRGVMOFF172" name="com.wrg.AP.Tests.GL_AgencyPortalTests" tests="1" failures="0" timestamp="2020-08-26T14:59:36 EDT" time="122.333" errors="0">
  <testcase name="validateFirstThreeOptionalCoveragesViaAgentPortalForGL" time="122.333" classname="com.wrg.AP.Tests.GL_AgencyPortalTests"/>
  <system-out>
<tr><td></td><td></td><td></td><td><font size="2" face="Comic sans MS" color="green"><b>Test Case validateFirstThreeOptionalCoveragesViaAgentPortalForGL started on 1598468254038</b></font></td> <tr><td></td><td></td><td></td><td><font size="2" face="Comic sans MS" color="green"><b>URI: https://t4agency.wrg-ins.com/portal/html/#!/home/</b></font></td> <td><font size="2" face="Comic sans MS" color="green"><b>clicked on webelement</b></font></td></tr> <td><font size="2" face="Comic sans MS" color="green"><b>type test_2020_08_26_14_57_56 in input field.</b></font></td></tr> <td><font size="2" face="Comic sans MS" color="green"><b>clicked on webelement</b></font></td></tr> <td><font size="2" face="Comic sans MS" color="green"><b>select (by option)FORWARD AGENCIES INC (000) from the dropdown</b></font></td></tr> <td><font size="2" face="Comic sans MS" color="green"><b>type 251 Pennylvania Pkwy in input field.</b></font></td></tr> <td><font size="2" face="Comic sans MS" color="green"><b>type Indianapolis in input field.</b></font></td></tr> <td><font size="2" face="Comic sans MS" color="green"><b>select (by option)Indiana from the dropdown</b></font></td></tr> <td><font size="2" face="Comic sans MS" color="green"><b>type 46280 in input field.</b></font></td></tr> <td><font size="2" face="Comic sans MS" color="green"><b>select (by option)Limited Liability Company (LLC) from the dropdown</b></font></td></tr> <td><font size="2" face="Comic sans MS" color="green"><b>type test in input field.</b></font></td></tr> <td><font size="2" face="Comic sans MS" color="green"><b>type 40005 in input field.</b></font></td></tr> <td><font size="2" face="Comic sans MS" color="green"><b>clicked on webelement</b></font></td></tr> <td><font size="2" face="Comic sans MS" color="green"><b>type 10000 in input field.</b></font></td></tr> <td><font size="2" face="Comic sans MS" color="green"><b>select (by option)100,000/300,000 from the dropdown</b></font></td></tr> <td><font size="2" face="Comic sans MS" color="green"><b>type 1000 in input field.</b></font></td></tr> <td><font size="2" face="Comic sans MS" color="green"><b>type test789 in input field.</b></font></td></tr> <tr><td></td><td></td><td></td><td><font size="2" face="Comic sans MS" color="green"><b>Test validateFirstThreeOptionalCoveragesViaAgentPortalForGL1</b></font></td>  </system-out>
</testsuite> <!-- com.wrg.AP.Tests.GL_AgencyPortalTests -->
