<?xml version="1.0" encoding="UTF-8"?>
<!-- Generated by org.testng.reporters.JUnitReportReporter -->
<testsuite skipped="0" hostname="WRGVMOFF172" name="com.wrg.AP.Tests.GL_AgencyPortalTests" tests="1" failures="0" timestamp="2020-08-27T02:08:41 EDT" time="128.471" errors="1">
  <testcase name="validateFirstThreeOptionalCoveragesViaAgentPortalForGL" time="128.471" classname="com.wrg.AP.Tests.GL_AgencyPortalTests">
    <error type="java.lang.ArrayIndexOutOfBoundsException" message="0">
      <![CDATA[java.lang.ArrayIndexOutOfBoundsException: 0
at com.wrg.abstestbase.AbstractTest.getWebElements(AbstractTest.java:780)
at com.wrg.abstestbase.AbstractTest.isWebElementPresent(AbstractTest.java:1020)
at com.wrg.AP.pages.OptionalCoveragesPage_AP.getQuotePageText(OptionalCoveragesPage_AP.java:80)
at com.wrg.AP.Tests.GL_AgencyPortalTests.addFirstThreeCoverages(GL_AgencyPortalTests.java:197)
at com.wrg.AP.Tests.GL_AgencyPortalTests.validateFirstThreeOptionalCoveragesViaAgentPortalForGL(GL_AgencyPortalTests.java:151)
at sun.reflect.NativeMethodAccessorImpl.invoke0(Native Method)
at sun.reflect.NativeMethodAccessorImpl.invoke(NativeMethodAccessorImpl.java:62)
at sun.reflect.DelegatingMethodAccessorImpl.invoke(DelegatingMethodAccessorImpl.java:43)
at java.lang.reflect.Method.invoke(Method.java:498)
at org.testng.internal.MethodInvocationHelper.invokeMethod(MethodInvocationHelper.java:132)
at org.testng.internal.TestInvoker.invokeMethod(TestInvoker.java:599)
at org.testng.internal.TestInvoker.invokeTestMethod(TestInvoker.java:174)
at org.testng.internal.MethodRunner.runInSequence(MethodRunner.java:46)
at org.testng.internal.TestInvoker$MethodInvocationAgent.invoke(TestInvoker.java:822)
at org.testng.internal.TestInvoker.invokeTestMethods(TestInvoker.java:147)
at org.testng.internal.TestMethodWorker.invokeTestMethods(TestMethodWorker.java:146)
at org.testng.internal.TestMethodWorker.run(TestMethodWorker.java:128)
at java.util.ArrayList.forEach(ArrayList.java:1259)
at org.testng.TestRunner.privateRun(TestRunner.java:764)
at org.testng.TestRunner.run(TestRunner.java:585)
at org.testng.SuiteRunner.runTest(SuiteRunner.java:384)
at org.testng.SuiteRunner.runSequentially(SuiteRunner.java:378)
at org.testng.SuiteRunner.privateRun(SuiteRunner.java:337)
at org.testng.SuiteRunner.run(SuiteRunner.java:286)
at org.testng.SuiteRunnerWorker.runSuite(SuiteRunnerWorker.java:53)
at org.testng.SuiteRunnerWorker.run(SuiteRunnerWorker.java:96)
at org.testng.TestNG.runSuitesSequentially(TestNG.java:1218)
at org.testng.TestNG.runSuitesLocally(TestNG.java:1140)
at org.testng.TestNG.runSuites(TestNG.java:1069)
at org.testng.TestNG.run(TestNG.java:1037)
at com.wrg.main.Tests.MyMainClass.testNGRun(MyMainClass.java:43)
at com.wrg.main.Tests.MyMainClass.main(MyMainClass.java:31)
]]>
    </error>
  </testcase> <!-- validateFirstThreeOptionalCoveragesViaAgentPortalForGL -->
  <system-out>
<tr><td></td><td></td><td></td><td><font size="2" face="Comic sans MS" color="green"><b>Test Case validateFirstThreeOptionalCoveragesViaAgentPortalForGL started on 1598508390925</b></font></td> <tr><td></td><td></td><td></td><td><font size="2" face="Comic sans MS" color="green"><b>URI: https://t4agency.wrg-ins.com/portal/html/#!/home/</b></font></td> <td><font size="2" face="Comic sans MS" color="green"><b>clicked on webelement</b></font></td></tr> <td><font size="2" face="Comic sans MS" color="green"><b>type test_2020_08_27_02_06_58 in input field.</b></font></td></tr> <td><font size="2" face="Comic sans MS" color="green"><b>clicked on webelement</b></font></td></tr> <td><font size="2" face="Comic sans MS" color="green"><b>select (by option)FORWARD AGENCIES INC (000) from the dropdown</b></font></td></tr> <td><font size="2" face="Comic sans MS" color="green"><b>type 251 Pennylvania Pkwy in input field.</b></font></td></tr> <td><font size="2" face="Comic sans MS" color="green"><b>type Indianapolis in input field.</b></font></td></tr> <td><font size="2" face="Comic sans MS" color="green"><b>select (by option)Indiana from the dropdown</b></font></td></tr> <td><font size="2" face="Comic sans MS" color="green"><b>type 46280 in input field.</b></font></td></tr> <td><font size="2" face="Comic sans MS" color="green"><b>select (by option)Limited Liability Company (LLC) from the dropdown</b></font></td></tr> <td><font size="2" face="Comic sans MS" color="green"><b>type test in input field.</b></font></td></tr> <td><font size="2" face="Comic sans MS" color="green"><b>type 40005 in input field.</b></font></td></tr> <td><font size="2" face="Comic sans MS" color="green"><b>clicked on webelement</b></font></td></tr> <td><font size="2" face="Comic sans MS" color="green"><b>type 10000 in input field.</b></font></td></tr> <td><font size="2" face="Comic sans MS" color="green"><b>select (by option)100,000/300,000 from the dropdown</b></font></td></tr> <td><font size="2" face="Comic sans MS" color="green"><b>type 1000 in input field.</b></font></td></tr> <td><font size="2" face="Comic sans MS" color="green"><b>type test789 in input field.</b></font></td></tr> <tr><td></td><td></td><td></td><td><font size="2" face="Comic sans MS" color="green"><b>Test validateFirstThreeOptionalCoveragesViaAgentPortalForGL2</b></font></td>  </system-out>
</testsuite> <!-- com.wrg.AP.Tests.GL_AgencyPortalTests -->
