<?xml version="1.0" encoding="UTF-8"?>
<!-- Generated by org.testng.reporters.JUnitReportReporter -->
<testsuite skipped="1" hostname="WRGVMOFF172" name="com.wrg.AP.Tests.GL_AgencyPortalTests" tests="2" failures="0" timestamp="2020-08-26T10:16:29 EDT" time="0.067" errors="1">
  <testcase name="beforesuite" time="0.067" classname="com.wrg.AP.Tests.GL_AgencyPortalTests">
    <error type="java.io.IOException" message="File .\recordings\validateFirstThreeOptionalCoveragesViaAgentPortalForGL-2020-08-26 10.13.28.avi unable to be deleted.">
      <![CDATA[java.io.IOException: File .\recordings\validateFirstThreeOptionalCoveragesViaAgentPortalForGL-2020-08-26 10.13.28.avi unable to be deleted.
at org.apache.maven.surefire.shade.org.apache.maven.shared.utils.io.FileUtils.forceDelete(FileUtils.java:1155)
at org.apache.maven.surefire.shade.org.apache.maven.shared.utils.io.FileUtils.cleanDirectory(FileUtils.java:1357)
at com.wrg.abstestbase.AbstractTest.beforesuite(AbstractTest.java:118)
at sun.reflect.NativeMethodAccessorImpl.invoke0(Native Method)
at sun.reflect.NativeMethodAccessorImpl.invoke(NativeMethodAccessorImpl.java:62)
at sun.reflect.DelegatingMethodAccessorImpl.invoke(DelegatingMethodAccessorImpl.java:43)
at java.lang.reflect.Method.invoke(Method.java:498)
at org.testng.internal.MethodInvocationHelper.invokeMethod(MethodInvocationHelper.java:132)
at org.testng.internal.MethodInvocationHelper.invokeMethodConsideringTimeout(MethodInvocationHelper.java:61)
at org.testng.internal.ConfigInvoker.invokeConfigurationMethod(ConfigInvoker.java:366)
at org.testng.internal.ConfigInvoker.invokeConfigurations(ConfigInvoker.java:320)
at org.testng.SuiteRunner.privateRun(SuiteRunner.java:327)
at org.testng.SuiteRunner.run(SuiteRunner.java:286)
at org.testng.SuiteRunnerWorker.runSuite(SuiteRunnerWorker.java:53)
at org.testng.SuiteRunnerWorker.run(SuiteRunnerWorker.java:96)
at org.testng.TestNG.runSuitesSequentially(TestNG.java:1218)
at org.testng.TestNG.runSuitesLocally(TestNG.java:1140)
at org.testng.TestNG.runSuites(TestNG.java:1069)
at org.testng.TestNG.run(TestNG.java:1037)
at com.wrg.main.Tests.MyMainClass.testNGRun(MyMainClass.java:43)
at com.wrg.main.Tests.MyMainClass.main(MyMainClass.java:31)
]]>
    </error>
  </testcase> <!-- beforesuite -->
  <system-out/>
  <testcase name="validateFirstThreeOptionalCoveragesViaAgentPortalForGL" time="0.000" classname="com.wrg.AP.Tests.GL_AgencyPortalTests">
    <skipped/>
  </testcase> <!-- validateFirstThreeOptionalCoveragesViaAgentPortalForGL -->
  <system-out>
<tr><td></td><td></td><td></td><td><font size="2" face="Comic sans MS" color="green"><b>Test validateFirstThreeOptionalCoveragesViaAgentPortalForGL Skipped</b></font></td>  </system-out>
</testsuite> <!-- com.wrg.AP.Tests.GL_AgencyPortalTests -->
