<?xml version="1.0" encoding="UTF-8"?>
<!-- Generated by org.testng.reporters.JUnitReportReporter -->
<testsuite skipped="0" hostname="WRGVMOFF172" name="com.wrg.AP.Tests.GL_AgencyPortalTests" tests="7" failures="0" timestamp="2020-09-08T00:58:54 EDT" time="451.161" errors="0">
  <testcase name="validatePolicywideCoveragePageElementsviaAgentPortalForGL" time="69.860" classname="com.wrg.AP.Tests.GL_AgencyPortalTests"/>
  <system-out>
<tr><td></td><td></td><td></td><td><font size="2" face="Comic sans MS" color="green"><b>Test Case validatePolicywideCoveragePageElementsviaAgentPortalForGL started on 1599540835620</b></font></td> <tr><td></td><td></td><td></td><td><font size="2" face="Comic sans MS" color="green"><b>URI: https://t4agency.wrg-ins.com/portal/html/#!/home/</b></font></td> <td><font size="2" face="Comic sans MS" color="green"><b>clicked on webelement</b></font></td></tr> <td><font size="2" face="Comic sans MS" color="green"><b>type test_2020_09_08_00_54_18 in input field.</b></font></td></tr> <td><font size="2" face="Comic sans MS" color="green"><b>clicked on webelement</b></font></td></tr> <td><font size="2" face="Comic sans MS" color="green"><b>select (by option)FORWARD AGENCIES INC (000) from the dropdown</b></font></td></tr> <td><font size="2" face="Comic sans MS" color="green"><b>type 377 West, Liberty Street in input field.</b></font></td></tr> <td><font size="2" face="Comic sans MS" color="green"><b>type Wooster in input field.</b></font></td></tr> <td><font size="2" face="Comic sans MS" color="green"><b>select (by option)Ohio from the dropdown</b></font></td></tr> <td><font size="2" face="Comic sans MS" color="green"><b>type 44691 in input field.</b></font></td></tr> <td><font size="2" face="Comic sans MS" color="green"><b>select (by option)Limited Liability Company (LLC) from the dropdown</b></font></td></tr> <td><font size="2" face="Comic sans MS" color="green"><b>type test in input field.</b></font></td></tr> <td><font size="2" face="Comic sans MS" color="green"><b>type 40005 in input field.</b></font></td></tr> <tr><td></td><td></td><td></td><td><font size="2" face="Comic sans MS" color="green"><b>Test validatePolicywideCoveragePageElementsviaAgentPortalForGL1</b></font></td>  </system-out>
  <testcase name="validateStartQuotePageElementsviaAgentPortalForGL" time="48.414" classname="com.wrg.AP.Tests.GL_AgencyPortalTests"/>
  <system-out>
<tr><td></td><td></td><td></td><td><font size="2" face="Comic sans MS" color="green"><b>Test Case validateStartQuotePageElementsviaAgentPortalForGL started on 1599540722711</b></font></td> <tr><td></td><td></td><td></td><td><font size="2" face="Comic sans MS" color="green"><b>URI: https://t4agency.wrg-ins.com/portal/html/#!/home/</b></font></td> <td><font size="2" face="Comic sans MS" color="green"><b>clicked on webelement</b></font></td></tr> <td><font size="2" face="Comic sans MS" color="green"><b>type test_2020_09_08_00_52_25 in input field.</b></font></td></tr> <td><font size="2" face="Comic sans MS" color="green"><b>clicked on webelement</b></font></td></tr> <td><font size="2" face="Comic sans MS" color="green"><b>select (by option)FORWARD AGENCIES INC (000) from the dropdown</b></font></td></tr> <td><font size="2" face="Comic sans MS" color="green"><b>type 377 West, Liberty Street in input field.</b></font></td></tr> <td><font size="2" face="Comic sans MS" color="green"><b>type Wooster in input field.</b></font></td></tr> <td><font size="2" face="Comic sans MS" color="green"><b>select (by option)Ohio from the dropdown</b></font></td></tr> <td><font size="2" face="Comic sans MS" color="green"><b>type 44691 in input field.</b></font></td></tr> <td><font size="2" face="Comic sans MS" color="green"><b>select (by option)Limited Liability Company (LLC) from the dropdown</b></font></td></tr> <td><font size="2" face="Comic sans MS" color="green"><b>type test in input field.</b></font></td></tr> <tr><td></td><td></td><td></td><td><font size="2" face="Comic sans MS" color="green"><b>Test validateStartQuotePageElementsviaAgentPortalForGL1</b></font></td>  </system-out>
  <testcase name="validateUnderwritingInfoPageElementsviaAgentPortalForGL" time="63.868" classname="com.wrg.AP.Tests.GL_AgencyPortalTests"/>
  <system-out>
<tr><td></td><td></td><td></td><td><font size="2" face="Comic sans MS" color="green"><b>Test Case validateUnderwritingInfoPageElementsviaAgentPortalForGL started on 1599540771421</b></font></td> <tr><td></td><td></td><td></td><td><font size="2" face="Comic sans MS" color="green"><b>URI: https://t4agency.wrg-ins.com/portal/html/#!/home/</b></font></td> <td><font size="2" face="Comic sans MS" color="green"><b>clicked on webelement</b></font></td></tr> <td><font size="2" face="Comic sans MS" color="green"><b>type test_2020_09_08_00_53_14 in input field.</b></font></td></tr> <td><font size="2" face="Comic sans MS" color="green"><b>clicked on webelement</b></font></td></tr> <td><font size="2" face="Comic sans MS" color="green"><b>select (by option)FORWARD AGENCIES INC (000) from the dropdown</b></font></td></tr> <td><font size="2" face="Comic sans MS" color="green"><b>type 377 West, Liberty Street in input field.</b></font></td></tr> <td><font size="2" face="Comic sans MS" color="green"><b>type Wooster in input field.</b></font></td></tr> <td><font size="2" face="Comic sans MS" color="green"><b>select (by option)Ohio from the dropdown</b></font></td></tr> <td><font size="2" face="Comic sans MS" color="green"><b>type 44691 in input field.</b></font></td></tr> <td><font size="2" face="Comic sans MS" color="green"><b>select (by option)Limited Liability Company (LLC) from the dropdown</b></font></td></tr> <td><font size="2" face="Comic sans MS" color="green"><b>type test in input field.</b></font></td></tr> <td><font size="2" face="Comic sans MS" color="green"><b>type 40005 in input field.</b></font></td></tr> <tr><td></td><td></td><td></td><td><font size="2" face="Comic sans MS" color="green"><b>Test validateUnderwritingInfoPageElementsviaAgentPortalForGL1</b></font></td>  </system-out>
  <testcase name="validateLocationPageElementsviaAgentPortalForGL" time="69.413" classname="com.wrg.AP.Tests.GL_AgencyPortalTests"/>
  <system-out>
<tr><td></td><td></td><td></td><td><font size="2" face="Comic sans MS" color="green"><b>Test Case validateLocationPageElementsviaAgentPortalForGL started on 1599540905796</b></font></td> <tr><td></td><td></td><td></td><td><font size="2" face="Comic sans MS" color="green"><b>URI: https://t4agency.wrg-ins.com/portal/html/#!/home/</b></font></td> <td><font size="2" face="Comic sans MS" color="green"><b>clicked on webelement</b></font></td></tr> <td><font size="2" face="Comic sans MS" color="green"><b>type test_2020_09_08_00_55_27 in input field.</b></font></td></tr> <td><font size="2" face="Comic sans MS" color="green"><b>clicked on webelement</b></font></td></tr> <td><font size="2" face="Comic sans MS" color="green"><b>select (by option)FORWARD AGENCIES INC (000) from the dropdown</b></font></td></tr> <td><font size="2" face="Comic sans MS" color="green"><b>type 377 West, Liberty Street in input field.</b></font></td></tr> <td><font size="2" face="Comic sans MS" color="green"><b>type Wooster in input field.</b></font></td></tr> <td><font size="2" face="Comic sans MS" color="green"><b>select (by option)Ohio from the dropdown</b></font></td></tr> <td><font size="2" face="Comic sans MS" color="green"><b>type 44691 in input field.</b></font></td></tr> <td><font size="2" face="Comic sans MS" color="green"><b>select (by option)Limited Liability Company (LLC) from the dropdown</b></font></td></tr> <td><font size="2" face="Comic sans MS" color="green"><b>type test in input field.</b></font></td></tr> <td><font size="2" face="Comic sans MS" color="green"><b>type 40005 in input field.</b></font></td></tr> <td><font size="2" face="Comic sans MS" color="green"><b>clicked on webelement</b></font></td></tr> <tr><td></td><td></td><td></td><td><font size="2" face="Comic sans MS" color="green"><b>Test validateLocationPageElementsviaAgentPortalForGL1</b></font></td>  </system-out>
  <testcase name="validateOptionalCoveragePageElementsviaAgentPortalForGL" time="85.436" classname="com.wrg.AP.Tests.GL_AgencyPortalTests"/>
  <system-out>
<tr><td></td><td></td><td></td><td><font size="2" face="Comic sans MS" color="green"><b>Test Case validateOptionalCoveragePageElementsviaAgentPortalForGL started on 1599541048536</b></font></td> <tr><td></td><td></td><td></td><td><font size="2" face="Comic sans MS" color="green"><b>URI: https://t4agency.wrg-ins.com/portal/html/#!/home/</b></font></td> <td><font size="2" face="Comic sans MS" color="green"><b>clicked on webelement</b></font></td></tr> <td><font size="2" face="Comic sans MS" color="green"><b>type test_2020_09_08_00_57_50 in input field.</b></font></td></tr> <td><font size="2" face="Comic sans MS" color="green"><b>clicked on webelement</b></font></td></tr> <td><font size="2" face="Comic sans MS" color="green"><b>select (by option)FORWARD AGENCIES INC (000) from the dropdown</b></font></td></tr> <td><font size="2" face="Comic sans MS" color="green"><b>type 377 West, Liberty Street in input field.</b></font></td></tr> <td><font size="2" face="Comic sans MS" color="green"><b>type Wooster in input field.</b></font></td></tr> <td><font size="2" face="Comic sans MS" color="green"><b>select (by option)Ohio from the dropdown</b></font></td></tr> <td><font size="2" face="Comic sans MS" color="green"><b>type 44691 in input field.</b></font></td></tr> <td><font size="2" face="Comic sans MS" color="green"><b>select (by option)Limited Liability Company (LLC) from the dropdown</b></font></td></tr> <td><font size="2" face="Comic sans MS" color="green"><b>type test in input field.</b></font></td></tr> <td><font size="2" face="Comic sans MS" color="green"><b>type 40005 in input field.</b></font></td></tr> <td><font size="2" face="Comic sans MS" color="green"><b>clicked on webelement</b></font></td></tr> <td><font size="2" face="Comic sans MS" color="green"><b>type 10000 in input field.</b></font></td></tr> <tr><td></td><td></td><td></td><td><font size="2" face="Comic sans MS" color="green"><b>Test validateOptionalCoveragePageElementsviaAgentPortalForGL1</b></font></td>  </system-out>
  <testcase name="validateApplicantInformationPageElementsviaAgentPortalForGL" time="41.419" classname="com.wrg.AP.Tests.GL_AgencyPortalTests"/>
  <system-out>
<tr><td></td><td></td><td></td><td><font size="2" face="Comic sans MS" color="green"><b>Test Case validateApplicantInformationPageElementsviaAgentPortalForGL started on 1599540680479</b></font></td> <tr><td></td><td></td><td></td><td><font size="2" face="Comic sans MS" color="green"><b>URI: https://t4agency.wrg-ins.com/portal/html/#!/home/</b></font></td> <td><font size="2" face="Comic sans MS" color="green"><b>clicked on webelement</b></font></td></tr> <td><font size="2" face="Comic sans MS" color="green"><b>type test_2020_09_08_00_51_52 in input field.</b></font></td></tr> <td><font size="2" face="Comic sans MS" color="green"><b>clicked on webelement</b></font></td></tr> <tr><td></td><td></td><td></td><td><font size="2" face="Comic sans MS" color="green"><b>Test validateApplicantInformationPageElementsviaAgentPortalForGL1</b></font></td>  </system-out>
  <testcase name="validateClassificationPageElementsviaAgentPortalForGL" time="72.751" classname="com.wrg.AP.Tests.GL_AgencyPortalTests"/>
  <system-out>
<tr><td></td><td></td><td></td><td><font size="2" face="Comic sans MS" color="green"><b>Test Case validateClassificationPageElementsviaAgentPortalForGL started on 1599540975465</b></font></td> <tr><td></td><td></td><td></td><td><font size="2" face="Comic sans MS" color="green"><b>URI: https://t4agency.wrg-ins.com/portal/html/#!/home/</b></font></td> <td><font size="2" face="Comic sans MS" color="green"><b>clicked on webelement</b></font></td></tr> <td><font size="2" face="Comic sans MS" color="green"><b>type test_2020_09_08_00_56_37 in input field.</b></font></td></tr> <td><font size="2" face="Comic sans MS" color="green"><b>clicked on webelement</b></font></td></tr> <td><font size="2" face="Comic sans MS" color="green"><b>select (by option)FORWARD AGENCIES INC (000) from the dropdown</b></font></td></tr> <td><font size="2" face="Comic sans MS" color="green"><b>type 377 West, Liberty Street in input field.</b></font></td></tr> <td><font size="2" face="Comic sans MS" color="green"><b>type Wooster in input field.</b></font></td></tr> <td><font size="2" face="Comic sans MS" color="green"><b>select (by option)Ohio from the dropdown</b></font></td></tr> <td><font size="2" face="Comic sans MS" color="green"><b>type 44691 in input field.</b></font></td></tr> <td><font size="2" face="Comic sans MS" color="green"><b>select (by option)Limited Liability Company (LLC) from the dropdown</b></font></td></tr> <td><font size="2" face="Comic sans MS" color="green"><b>type test in input field.</b></font></td></tr> <td><font size="2" face="Comic sans MS" color="green"><b>type 40005 in input field.</b></font></td></tr> <td><font size="2" face="Comic sans MS" color="green"><b>clicked on webelement</b></font></td></tr> <tr><td></td><td></td><td></td><td><font size="2" face="Comic sans MS" color="green"><b>Test validateClassificationPageElementsviaAgentPortalForGL1</b></font></td>  </system-out>
</testsuite> <!-- com.wrg.AP.Tests.GL_AgencyPortalTests -->
