<?xml version="1.0" encoding="UTF-8"?>
<!-- Generated by org.testng.reporters.JUnitReportReporter -->
<testsuite skipped="1" hostname="WRGVMOFF147" name="com.wrg.AP.Tests.BOP_AgencyPortalTests" tests="3" failures="0" timestamp="2020-08-17T03:04:52 EDT" time="467.374" errors="0">
  <testcase name="verifyNewSubmissionIsCreatedViaAgentPortal" time="156.399" classname="com.wrg.AP.Tests.BOP_AgencyPortalTests"/>
  <system-out>
<tr><td></td><td></td><td></td><td><font size="2" face="Comic sans MS" color="green"><b>Test Case verifyNewSubmissionIsCreatedViaAgentPortal started on 1597647423185</b></font></td> <tr><td></td><td></td><td></td><td><font size="2" face="Comic sans MS" color="green"><b>URI: https://t4agency.wrg-ins.com/portal/html/#!/home/</b></font></td> <td><font size="2" face="Comic sans MS" color="green"><b>clicked on webelement</b></font></td></tr> <td><font size="2" face="Comic sans MS" color="green"><b>type BOP_Submission_2020_08_17_02_57_13 in input field.</b></font></td></tr> <td><font size="2" face="Comic sans MS" color="green"><b>clicked on webelement</b></font></td></tr> <td><font size="2" face="Comic sans MS" color="green"><b>select (by option)FORWARD AGENCIES INC (000) from the dropdown</b></font></td></tr> <td><font size="2" face="Comic sans MS" color="green"><b>type 251 Pennylvania Pkwy in input field.</b></font></td></tr> <td><font size="2" face="Comic sans MS" color="green"><b>type Indianapolis in input field.</b></font></td></tr> <td><font size="2" face="Comic sans MS" color="green"><b>select (by option)Indiana from the dropdown</b></font></td></tr> <td><font size="2" face="Comic sans MS" color="green"><b>type 46280 in input field.</b></font></td></tr> <td><font size="2" face="Comic sans MS" color="green"><b>select (by option)Limited Liability Company (LLC) from the dropdown</b></font></td></tr> <td><font size="2" face="Comic sans MS" color="green"><b>type test in input field.</b></font></td></tr> <td><font size="2" face="Comic sans MS" color="green"><b>clicked on webelement</b></font></td></tr> <td><font size="2" face="Comic sans MS" color="green"><b>type 09011 in input field.</b></font></td></tr> <td><font size="2" face="Comic sans MS" color="green"><b>clicked on webelement</b></font></td></tr> <td><font size="2" face="Comic sans MS" color="green"><b>type 09001 in input field.</b></font></td></tr> <td><font size="2" face="Comic sans MS" color="green"><b>clicked on webelement</b></font></td></tr> <td><font size="2" face="Comic sans MS" color="green"><b>clicked on webelement</b></font></td></tr> <td><font size="2" face="Comic sans MS" color="green"><b>type 2017 in input field.</b></font></td></tr> <td><font size="2" face="Comic sans MS" color="green"><b>select (by option)Frame from the dropdown</b></font></td></tr> <td><font size="2" face="Comic sans MS" color="green"><b>type 15000 in input field.</b></font></td></tr> <td><font size="2" face="Comic sans MS" color="green"><b>select (by option)2% from the dropdown</b></font></td></tr> <td><font size="2" face="Comic sans MS" color="green"><b>select (by option)10% or less from the dropdown</b></font></td></tr> <td><font size="2" face="Comic sans MS" color="green"><b>type 1200 in input field.</b></font></td></tr> <td><font size="2" face="Comic sans MS" color="green"><b>type 1200 in input field.</b></font></td></tr> <td><font size="2" face="Comic sans MS" color="green"><b>clicked on webelement</b></font></td></tr> <td><font size="2" face="Comic sans MS" color="green"><b>type 201-787-8786 in input field.</b></font></td></tr> <td><font size="2" face="Comic sans MS" color="green"><b>select (by option)Allstate from the dropdown</b></font></td></tr> <td><font size="2" face="Comic sans MS" color="green"><b>clicked on webelement</b></font></td></tr> <td><font size="2" face="Comic sans MS" color="green"><b>clicked on webelement</b></font></td></tr> <td><font size="2" face="Comic sans MS" color="green"><b>clicked on webelement</b></font></td></tr> <td><font size="2" face="Comic sans MS" color="green"><b>clicked on webelement</b></font></td></tr> <td><font size="2" face="Comic sans MS" color="green"><b>select (by option)Quote Number from the dropdown</b></font></td></tr> <td><font size="2" face="Comic sans MS" color="green"><b>type 0000004530 in input field.</b></font></td></tr> <td><font size="2" face="Comic sans MS" color="green"><b>clicked on webelement</b></font></td></tr> <tr><td></td><td></td><td></td><td><font size="2" face="Comic sans MS" color="green"><b>Test verifyNewSubmissionIsCreatedViaAgentPortal1</b></font></td>  </system-out>
  <testcase name="verifyNewSubmissionIsCreatedWithMultipleLocationsViaAgentPortal" time="167.783" classname="com.wrg.AP.Tests.BOP_AgencyPortalTests"/>
  <system-out>
<tr><td></td><td></td><td></td><td><font size="2" face="Comic sans MS" color="green"><b>Test Case verifyNewSubmissionIsCreatedWithMultipleLocationsViaAgentPortal started on 1597647723815</b></font></td> <tr><td></td><td></td><td></td><td><font size="2" face="Comic sans MS" color="green"><b>URI: https://t4agency.wrg-ins.com/portal/html/#!/home/</b></font></td> <td><font size="2" face="Comic sans MS" color="green"><b>clicked on webelement</b></font></td></tr> <td><font size="2" face="Comic sans MS" color="green"><b>type BOP_Submission_MultipleLocations_2020_08_17_03_02_13 in input field.</b></font></td></tr> <td><font size="2" face="Comic sans MS" color="green"><b>clicked on webelement</b></font></td></tr> <td><font size="2" face="Comic sans MS" color="green"><b>select (by option)FORWARD AGENCIES INC (000) from the dropdown</b></font></td></tr> <td><font size="2" face="Comic sans MS" color="green"><b>type 377 West, Liberty Street in input field.</b></font></td></tr> <td><font size="2" face="Comic sans MS" color="green"><b>type Wooster in input field.</b></font></td></tr> <td><font size="2" face="Comic sans MS" color="green"><b>select (by option)Ohio from the dropdown</b></font></td></tr> <td><font size="2" face="Comic sans MS" color="green"><b>type 44691 in input field.</b></font></td></tr> <td><font size="2" face="Comic sans MS" color="green"><b>select (by option)Limited Liability Company (LLC) from the dropdown</b></font></td></tr> <td><font size="2" face="Comic sans MS" color="green"><b>type test in input field.</b></font></td></tr> <td><font size="2" face="Comic sans MS" color="green"><b>clicked on webelement</b></font></td></tr> <td><font size="2" face="Comic sans MS" color="green"><b>type 09011 in input field.</b></font></td></tr> <td><font size="2" face="Comic sans MS" color="green"><b>clicked on webelement</b></font></td></tr> <td><font size="2" face="Comic sans MS" color="green"><b>type 09001 in input field.</b></font></td></tr> <td><font size="2" face="Comic sans MS" color="green"><b>clicked on webelement</b></font></td></tr> <td><font size="2" face="Comic sans MS" color="green"><b>clicked on webelement</b></font></td></tr> <td><font size="2" face="Comic sans MS" color="green"><b>type 2017 in input field.</b></font></td></tr> <td><font size="2" face="Comic sans MS" color="green"><b>select (by option)Frame from the dropdown</b></font></td></tr> <td><font size="2" face="Comic sans MS" color="green"><b>type 15000 in input field.</b></font></td></tr> <td><font size="2" face="Comic sans MS" color="green"><b>select (by option)2% from the dropdown</b></font></td></tr> <td><font size="2" face="Comic sans MS" color="green"><b>select (by option)10% or less from the dropdown</b></font></td></tr> <td><font size="2" face="Comic sans MS" color="green"><b>type 1200 in input field.</b></font></td></tr> <td><font size="2" face="Comic sans MS" color="green"><b>type 1200 in input field.</b></font></td></tr> <td><font size="2" face="Comic sans MS" color="green"><b>clicked on webelement</b></font></td></tr> <td><font size="2" face="Comic sans MS" color="green"><b>type 201-787-8786 in input field.</b></font></td></tr> <td><font size="2" face="Comic sans MS" color="green"><b>select (by option)Allstate from the dropdown</b></font></td></tr> <td><font size="2" face="Comic sans MS" color="green"><b>clicked on webelement</b></font></td></tr> <td><font size="2" face="Comic sans MS" color="green"><b>clicked on webelement</b></font></td></tr> <td><font size="2" face="Comic sans MS" color="green"><b>clicked on webelement</b></font></td></tr> <td><font size="2" face="Comic sans MS" color="green"><b>clicked on webelement</b></font></td></tr> <td><font size="2" face="Comic sans MS" color="green"><b>select (by option)Quote Number from the dropdown</b></font></td></tr> <td><font size="2" face="Comic sans MS" color="green"><b>type 0000004534 in input field.</b></font></td></tr> <td><font size="2" face="Comic sans MS" color="green"><b>clicked on webelement</b></font></td></tr> <tr><td></td><td></td><td></td><td><font size="2" face="Comic sans MS" color="green"><b>Test verifyNewSubmissionIsCreatedWithMultipleLocationsViaAgentPortal1</b></font></td>  </system-out>
  <testcase name="verifyNewSubmissionIsCreatedWithMultipleLocationsViaAgentPortal" time="143.192" classname="com.wrg.AP.Tests.BOP_AgencyPortalTests">
    <skipped/>
  </testcase> <!-- verifyNewSubmissionIsCreatedWithMultipleLocationsViaAgentPortal -->
  <system-out>
<tr><td></td><td></td><td></td><td><font size="2" face="Comic sans MS" color="green"><b>Test Case verifyNewSubmissionIsCreatedWithMultipleLocationsViaAgentPortal started on 1597647580621</b></font></td> <tr><td></td><td></td><td></td><td><font size="2" face="Comic sans MS" color="green"><b>URI: https://t4agency.wrg-ins.com/portal/html/#!/home/</b></font></td> <td><font size="2" face="Comic sans MS" color="green"><b>clicked on webelement</b></font></td></tr> <td><font size="2" face="Comic sans MS" color="green"><b>type BOP_Submission_MultipleLocations_2020_08_17_02_59_50 in input field.</b></font></td></tr> <td><font size="2" face="Comic sans MS" color="green"><b>clicked on webelement</b></font></td></tr> <td><font size="2" face="Comic sans MS" color="green"><b>select (by option)FORWARD AGENCIES INC (000) from the dropdown</b></font></td></tr> <td><font size="2" face="Comic sans MS" color="green"><b>type 377 West, Liberty Street in input field.</b></font></td></tr> <td><font size="2" face="Comic sans MS" color="green"><b>type Wooster in input field.</b></font></td></tr> <td><font size="2" face="Comic sans MS" color="green"><b>select (by option)Ohio from the dropdown</b></font></td></tr> <td><font size="2" face="Comic sans MS" color="green"><b>type 44691 in input field.</b></font></td></tr> <td><font size="2" face="Comic sans MS" color="green"><b>select (by option)Limited Liability Company (LLC) from the dropdown</b></font></td></tr> <td><font size="2" face="Comic sans MS" color="green"><b>type test in input field.</b></font></td></tr> <td><font size="2" face="Comic sans MS" color="green"><b>clicked on webelement</b></font></td></tr> <td><font size="2" face="Comic sans MS" color="green"><b>type 09011 in input field.</b></font></td></tr> <tr><td></td><td></td><td></td><td><font size="2" face="Comic sans MS" color="red"><b>error while clicking Element <button class="gw-btn-primary ng-binding ng-scope ng-isolate-scope gw-loader-wrapper_inline"> is not clickable at point (1327,533) because another element <div class="gw-modal gw-fade gw-modal_animation_ in"> obscures it
Build info: version: '3.8.1', revision: '6e95a6684b', time: '2017-12-01T18:33:54.468Z'
System info: host: 'WRGVMOFF147', ip: '172.21.90.88', os.name: 'Windows 10', os.arch: 'amd64', os.version: '10.0', java.version: '1.8.0_231'
Driver info: org.openqa.selenium.firefox.FirefoxDriver
Capabilities {acceptInsecureCerts: true, browserName: firefox, browserVersion: 77.0.1, javascriptEnabled: true, moz:accessibilityChecks: false, moz:buildID: 20200602222727, moz:geckodriverVersion: 0.26.0, moz:headless: false, moz:processID: 15580, moz:profile: C:\Users\aabro\AppData\Loca..., moz:shutdownTimeout: 60000, moz:useNonSpecCompliantPointerOrigin: false, moz:webdriverClick: true, pageLoadStrategy: normal, platform: WINDOWS, platformName: WINDOWS, platformVersion: 10.0, rotatable: false, setWindowRect: true, strictFileInteractability: false, timeouts: {implicit: 0, pageLoad: 300000, script: 30000}, unhandledPromptBehavior: dismiss and notify}
Session ID: b5f05d17-0413-455e-9086-275d92aa2f4d</b></font></td> <tr><td></td><td></td><td></td><td><font size="2" face="Comic sans MS" color="red"><b>error while type in text field 0</b></font></td> <tr><td></td><td></td><td></td><td><font size="2" face="Comic sans MS" color="red"><b>error while clicking 0</b></font></td> <tr><td></td><td></td><td></td><td><font size="2" face="Comic sans MS" color="red"><b>error while clicking 0</b></font></td> <td><font size="2" face="Comic sans MS" color="green"><b>clicked on webelement</b></font></td></tr> <td><font size="2" face="Comic sans MS" color="green"><b>clicked on webelement</b></font></td></tr> <td><font size="2" face="Comic sans MS" color="green"><b>type 2017 in input field.</b></font></td></tr> <td><font size="2" face="Comic sans MS" color="green"><b>select (by option)Frame from the dropdown</b></font></td></tr> <tr><td></td><td></td><td></td><td><font size="2" face="Comic sans MS" color="green"><b>Test verifyNewSubmissionIsCreatedWithMultipleLocationsViaAgentPortal Skipped</b></font></td>  </system-out>
</testsuite> <!-- com.wrg.AP.Tests.BOP_AgencyPortalTests -->
