<?xml version="1.0" encoding="UTF-8"?>
<!-- Generated by org.testng.reporters.JUnitReportReporter -->
<testsuite skipped="0" hostname="WRGVMOFF147" name="com.wrg.E2E.Tests.BOP_End2EndTests" tests="1" failures="0" timestamp="2020-08-18T16:48:55 EDT" time="339.205" errors="1">
  <testcase name="verifyNewPolicyIsCreatedViaPolicyCenter" time="339.205" classname="com.wrg.E2E.Tests.BOP_End2EndTests">
    <error type="java.lang.ArrayIndexOutOfBoundsException" message="0">
      <![CDATA[java.lang.ArrayIndexOutOfBoundsException: 0
at com.wrg.abstestbase.AbstractTest.getWebElement(AbstractTest.java:735)
at com.wrg.AP.pages.PaymentDetailsPage_AP.downPayment(PaymentDetailsPage_AP.java:18)
at com.wrg.AP.Tests.BOP_AgencyPortalTests.completePayment(BOP_AgencyPortalTests.java:240)
at com.wrg.E2E.Tests.BOP_End2EndTests.verifyNewPolicyIsCreatedViaPolicyCenter(BOP_End2EndTests.java:398)
at sun.reflect.NativeMethodAccessorImpl.invoke0(Native Method)
at sun.reflect.NativeMethodAccessorImpl.invoke(NativeMethodAccessorImpl.java:62)
at sun.reflect.DelegatingMethodAccessorImpl.invoke(DelegatingMethodAccessorImpl.java:43)
at java.lang.reflect.Method.invoke(Method.java:498)
at org.testng.internal.MethodInvocationHelper.invokeMethod(MethodInvocationHelper.java:135)
at org.testng.internal.TestInvoker.invokeMethod(TestInvoker.java:598)
at org.testng.internal.TestInvoker.invokeTestMethod(TestInvoker.java:174)
at org.testng.internal.MethodRunner.runInSequence(MethodRunner.java:46)
at org.testng.internal.TestInvoker$MethodInvocationAgent.invoke(TestInvoker.java:821)
at org.testng.internal.TestInvoker.invokeTestMethods(TestInvoker.java:147)
at org.testng.internal.TestMethodWorker.invokeTestMethods(TestMethodWorker.java:146)
at org.testng.internal.TestMethodWorker.run(TestMethodWorker.java:128)
at java.util.ArrayList.forEach(ArrayList.java:1257)
at org.testng.TestRunner.privateRun(TestRunner.java:767)
at org.testng.TestRunner.run(TestRunner.java:588)
at org.testng.SuiteRunner.runTest(SuiteRunner.java:384)
at org.testng.SuiteRunner.runSequentially(SuiteRunner.java:378)
at org.testng.SuiteRunner.privateRun(SuiteRunner.java:337)
at org.testng.SuiteRunner.run(SuiteRunner.java:286)
at org.testng.SuiteRunnerWorker.runSuite(SuiteRunnerWorker.java:53)
at org.testng.SuiteRunnerWorker.run(SuiteRunnerWorker.java:96)
at org.testng.TestNG.runSuitesSequentially(TestNG.java:1214)
at org.testng.TestNG.runSuitesLocally(TestNG.java:1136)
at org.testng.TestNG.runSuites(TestNG.java:1066)
at org.testng.TestNG.run(TestNG.java:1034)
at com.wrg.PC.Tests.MyMainClass.testNGRun(MyMainClass.java:42)
at com.wrg.PC.Tests.MyMainClass.main(MyMainClass.java:30)
]]>
    </error>
  </testcase> <!-- verifyNewPolicyIsCreatedViaPolicyCenter -->
  <system-out>
<tr><td></td><td></td><td></td><td><font size="2" face="Comic sans MS" color="green"><b>Test Case verifyNewPolicyIsCreatedViaPolicyCenter started on 1597783396043</b></font></td> <tr><td></td><td></td><td></td><td><font size="2" face="Comic sans MS" color="green"><b>URI: https://t3pc.wrg-ins.net:8543/PolicyCenter.do</b></font></td> <td><font size="2" face="Comic sans MS" color="green"><b>type Blue_Agency in input field.</b></font></td></tr> <td><font size="2" face="Comic sans MS" color="green"><b>type BOP_2020_08_18_16_43_16 in input field.</b></font></td></tr> <td><font size="2" face="Comic sans MS" color="green"><b>type 377 West, Liberty Street in input field.</b></font></td></tr> <td><font size="2" face="Comic sans MS" color="green"><b>type Wooster in input field.</b></font></td></tr> <td><font size="2" face="Comic sans MS" color="green"><b>type test in input field.</b></font></td></tr> <td><font size="2" face="Comic sans MS" color="green"><b>type 44691 in input field.</b></font></td></tr> <td><font size="2" face="Comic sans MS" color="green"><b>type FORWARD AGENCIES in input field.</b></font></td></tr> <td><font size="2" face="Comic sans MS" color="green"><b>type 349111 in input field.</b></font></td></tr> <td><font size="2" face="Comic sans MS" color="green"><b>type 09011 in input field.</b></font></td></tr> <td><font size="2" face="Comic sans MS" color="green"><b>clicked on webelement</b></font></td></tr> <td><font size="2" face="Comic sans MS" color="green"><b>clicked on webelement</b></font></td></tr> <td><font size="2" face="Comic sans MS" color="green"><b>clicked on webelement</b></font></td></tr> <td><font size="2" face="Comic sans MS" color="green"><b>clicked on webelement</b></font></td></tr> <td><font size="2" face="Comic sans MS" color="green"><b>clicked on webelement</b></font></td></tr> <td><font size="2" face="Comic sans MS" color="green"><b>clicked on webelement</b></font></td></tr> <td><font size="2" face="Comic sans MS" color="green"><b>clicked on webelement</b></font></td></tr> <td><font size="2" face="Comic sans MS" color="green"><b>clicked on webelement</b></font></td></tr> <td><font size="2" face="Comic sans MS" color="green"><b>clicked on webelement</b></font></td></tr> <td><font size="2" face="Comic sans MS" color="green"><b>clicked on webelement</b></font></td></tr> <td><font size="2" face="Comic sans MS" color="green"><b>clicked on webelement</b></font></td></tr> <td><font size="2" face="Comic sans MS" color="green"><b>clicked on webelement</b></font></td></tr> <td><font size="2" face="Comic sans MS" color="green"><b>type 123 Main Street in input field.</b></font></td></tr> <td><font size="2" face="Comic sans MS" color="green"><b>type Cleveland in input field.</b></font></td></tr> <td><font size="2" face="Comic sans MS" color="green"><b>type 44101 in input field.</b></font></td></tr> <td><font size="2" face="Comic sans MS" color="green"><b>clicked on webelement</b></font></td></tr> <td><font size="2" face="Comic sans MS" color="green"><b>clicked on webelement</b></font></td></tr> <td><font size="2" face="Comic sans MS" color="green"><b>clicked on webelement</b></font></td></tr> <td><font size="2" face="Comic sans MS" color="green"><b>type 2015 in input field.</b></font></td></tr> <td><font size="2" face="Comic sans MS" color="green"><b>clicked on webelement</b></font></td></tr> <td><font size="2" face="Comic sans MS" color="green"><b>clicked on webelement</b></font></td></tr> <td><font size="2" face="Comic sans MS" color="green"><b>type 20000 in input field.</b></font></td></tr> <td><font size="2" face="Comic sans MS" color="green"><b>type 1500 in input field.</b></font></td></tr> <td><font size="2" face="Comic sans MS" color="green"><b>clicked on webelement</b></font></td></tr> <td><font size="2" face="Comic sans MS" color="green"><b>clicked on webelement</b></font></td></tr> <td><font size="2" face="Comic sans MS" color="green"><b>clicked on webelement</b></font></td></tr> <td><font size="2" face="Comic sans MS" color="green"><b>clicked on webelement</b></font></td></tr> <td><font size="2" face="Comic sans MS" color="green"><b>clicked on webelement</b></font></td></tr> <td><font size="2" face="Comic sans MS" color="green"><b>type BOP_2020_08_18_16_43_46 in input field.</b></font></td></tr> <td><font size="2" face="Comic sans MS" color="green"><b>type 377 West, Liberty Street in input field.</b></font></td></tr> <td><font size="2" face="Comic sans MS" color="green"><b>type Wooster in input field.</b></font></td></tr> <td><font size="2" face="Comic sans MS" color="green"><b>type 44691 in input field.</b></font></td></tr> <td><font size="2" face="Comic sans MS" color="green"><b>clicked on webelement</b></font></td></tr> <td><font size="2" face="Comic sans MS" color="green"><b>clicked on webelement</b></font></td></tr> <td><font size="2" face="Comic sans MS" color="green"><b>clicked on webelement</b></font></td></tr> <td><font size="2" face="Comic sans MS" color="green"><b>clicked on webelement</b></font></td></tr> <td><font size="2" face="Comic sans MS" color="green"><b>type test_2020_08_18_16_43_46 in input field.</b></font></td></tr> <td><font size="2" face="Comic sans MS" color="green"><b>type 377 West, Liberty Street in input field.</b></font></td></tr> <td><font size="2" face="Comic sans MS" color="green"><b>type Wooster in input field.</b></font></td></tr> <td><font size="2" face="Comic sans MS" color="green"><b>type 44691 in input field.</b></font></td></tr> <td><font size="2" face="Comic sans MS" color="green"><b>clicked on webelement</b></font></td></tr> <td><font size="2" face="Comic sans MS" color="green"><b>clicked on webelement</b></font></td></tr> <td><font size="2" face="Comic sans MS" color="green"><b>clicked on webelement</b></font></td></tr> <td><font size="2" face="Comic sans MS" color="green"><b>clicked on webelement</b></font></td></tr> <td><font size="2" face="Comic sans MS" color="green"><b>type 2015 in input field.</b></font></td></tr> <td><font size="2" face="Comic sans MS" color="green"><b>clicked on webelement</b></font></td></tr> <td><font size="2" face="Comic sans MS" color="green"><b>clicked on webelement</b></font></td></tr> <td><font size="2" face="Comic sans MS" color="green"><b>type 20000 in input field.</b></font></td></tr> <td><font size="2" face="Comic sans MS" color="green"><b>type 1500 in input field.</b></font></td></tr> <td><font size="2" face="Comic sans MS" color="green"><b>clicked on webelement</b></font></td></tr> <td><font size="2" face="Comic sans MS" color="green"><b>clicked on webelement</b></font></td></tr> <td><font size="2" face="Comic sans MS" color="green"><b>clicked on webelement</b></font></td></tr> <td><font size="2" face="Comic sans MS" color="green"><b>clicked on webelement</b></font></td></tr> <td><font size="2" face="Comic sans MS" color="green"><b>clicked on webelement</b></font></td></tr> <td><font size="2" face="Comic sans MS" color="green"><b>type BOP_2020_08_18_16_43_46 in input field.</b></font></td></tr> <td><font size="2" face="Comic sans MS" color="green"><b>type 123 Main Street in input field.</b></font></td></tr> <td><font size="2" face="Comic sans MS" color="green"><b>type Cleveland in input field.</b></font></td></tr> <td><font size="2" face="Comic sans MS" color="green"><b>type 44101 in input field.</b></font></td></tr> <td><font size="2" face="Comic sans MS" color="green"><b>clicked on webelement</b></font></td></tr> <td><font size="2" face="Comic sans MS" color="green"><b>clicked on webelement</b></font></td></tr> <td><font size="2" face="Comic sans MS" color="green"><b>clicked on webelement</b></font></td></tr> <td><font size="2" face="Comic sans MS" color="green"><b>clicked on webelement</b></font></td></tr> <td><font size="2" face="Comic sans MS" color="green"><b>type test_2020_08_18_16_43_46 in input field.</b></font></td></tr> <td><font size="2" face="Comic sans MS" color="green"><b>type 123 Main Street in input field.</b></font></td></tr> <td><font size="2" face="Comic sans MS" color="green"><b>type Cleveland in input field.</b></font></td></tr> <td><font size="2" face="Comic sans MS" color="green"><b>type 44101 in input field.</b></font></td></tr> <td><font size="2" face="Comic sans MS" color="green"><b>clicked on webelement</b></font></td></tr> <td><font size="2" face="Comic sans MS" color="green"><b>clicked on webelement</b></font></td></tr> <td><font size="2" face="Comic sans MS" color="green"><b>clicked on webelement</b></font></td></tr> <td><font size="2" face="Comic sans MS" color="green"><b>clicked on webelement</b></font></td></tr> <td><font size="2" face="Comic sans MS" color="green"><b>clicked on webelement</b></font></td></tr> <td><font size="2" face="Comic sans MS" color="green"><b>clicked on webelement</b></font></td></tr> <td><font size="2" face="Comic sans MS" color="green"><b>clicked on webelement</b></font></td></tr> <td><font size="2" face="Comic sans MS" color="green"><b>clicked on webelement</b></font></td></tr> <td><font size="2" face="Comic sans MS" color="green"><b>clicked on webelement</b></font></td></tr> <tr><td></td><td></td><td></td><td><font size="2" face="Comic sans MS" color="green"><b>URI: https://t3agency.wrg-ins.com/portal/html/#!/home/</b></font></td> <td><font size="2" face="Comic sans MS" color="green"><b>clicked on webelement</b></font></td></tr> <td><font size="2" face="Comic sans MS" color="green"><b>clicked on webelement</b></font></td></tr> <td><font size="2" face="Comic sans MS" color="green"><b>select (by option)Quote Number from the dropdown</b></font></td></tr> <td><font size="2" face="Comic sans MS" color="green"><b>type 0000002322 in input field.</b></font></td></tr> <td><font size="2" face="Comic sans MS" color="green"><b>clicked on webelement</b></font></td></tr> <td><font size="2" face="Comic sans MS" color="green"><b>clicked on webelement</b></font></td></tr> <td><font size="2" face="Comic sans MS" color="green"><b>clicked on webelement</b></font></td></tr> <td><font size="2" face="Comic sans MS" color="green"><b>type 201-787-8786 in input field.</b></font></td></tr> <tr><td></td><td></td><td></td><td><font size="2" face="Comic sans MS" color="green"><b>Test verifyNewPolicyIsCreatedViaPolicyCenter2</b></font></td>  </system-out>
</testsuite> <!-- com.wrg.E2E.Tests.BOP_End2EndTests -->
