<?xml version="1.0" encoding="UTF-8"?>
<!-- Generated by org.testng.reporters.JUnitReportReporter -->
<testsuite skipped="0" hostname="WRGVMOFF147" name="com.wrg.Regression.Tests.BOP_RegressionTests" tests="1" failures="0" timestamp="2020-08-18T14:49:52 EDT" time="174.365" errors="0">
  <testcase name="createQuoteWithUnderwriterIssuesAndPerformSearch" time="174.365" classname="com.wrg.Regression.Tests.BOP_RegressionTests"/>
  <system-out>
<tr><td></td><td></td><td></td><td><font size="2" face="Comic sans MS" color="green"><b>Test Case createQuoteWithUnderwriterIssuesAndPerformSearch started on 1597776416047</b></font></td> <tr><td></td><td></td><td></td><td><font size="2" face="Comic sans MS" color="green"><b>URI: https://t4agency.wrg-ins.com/portal/html/#!/home/</b></font></td> <td><font size="2" face="Comic sans MS" color="green"><b>clicked on webelement</b></font></td></tr> <td><font size="2" face="Comic sans MS" color="green"><b>type test_2020_08_18_14_47_08 in input field.</b></font></td></tr> <td><font size="2" face="Comic sans MS" color="green"><b>clicked on webelement</b></font></td></tr> <td><font size="2" face="Comic sans MS" color="green"><b>select (by option)FORWARD AGENCIES INC (000) from the dropdown</b></font></td></tr> <td><font size="2" face="Comic sans MS" color="green"><b>type 377 West, Liberty Street in input field.</b></font></td></tr> <td><font size="2" face="Comic sans MS" color="green"><b>type Wooster in input field.</b></font></td></tr> <td><font size="2" face="Comic sans MS" color="green"><b>select (by option)Ohio from the dropdown</b></font></td></tr> <td><font size="2" face="Comic sans MS" color="green"><b>type 44691 in input field.</b></font></td></tr> <td><font size="2" face="Comic sans MS" color="green"><b>select (by option)Limited Liability Company (LLC) from the dropdown</b></font></td></tr> <td><font size="2" face="Comic sans MS" color="green"><b>type test in input field.</b></font></td></tr> <td><font size="2" face="Comic sans MS" color="green"><b>type 09011 in input field.</b></font></td></tr> <td><font size="2" face="Comic sans MS" color="green"><b>clicked on webelement</b></font></td></tr> <td><font size="2" face="Comic sans MS" color="green"><b>clicked on webelement</b></font></td></tr> <td><font size="2" face="Comic sans MS" color="green"><b>type 2017 in input field.</b></font></td></tr> <td><font size="2" face="Comic sans MS" color="green"><b>select (by option)Frame from the dropdown</b></font></td></tr> <td><font size="2" face="Comic sans MS" color="green"><b>type 15000 in input field.</b></font></td></tr> <td><font size="2" face="Comic sans MS" color="green"><b>select (by option)2% from the dropdown</b></font></td></tr> <td><font size="2" face="Comic sans MS" color="green"><b>select (by option)10% or less from the dropdown</b></font></td></tr> <td><font size="2" face="Comic sans MS" color="green"><b>type 1200 in input field.</b></font></td></tr> <td><font size="2" face="Comic sans MS" color="green"><b>type 201-787-8786 in input field.</b></font></td></tr> <td><font size="2" face="Comic sans MS" color="green"><b>select (by option)Allstate from the dropdown</b></font></td></tr> <td><font size="2" face="Comic sans MS" color="green"><b>clicked on webelement</b></font></td></tr> <td><font size="2" face="Comic sans MS" color="green"><b>clicked on webelement</b></font></td></tr> <td><font size="2" face="Comic sans MS" color="green"><b>clicked on webelement</b></font></td></tr> <td><font size="2" face="Comic sans MS" color="green"><b>clicked on webelement</b></font></td></tr> <td><font size="2" face="Comic sans MS" color="green"><b>select (by option)Quote Number from the dropdown</b></font></td></tr> <td><font size="2" face="Comic sans MS" color="green"><b>type 0000005262 in input field.</b></font></td></tr> <td><font size="2" face="Comic sans MS" color="green"><b>clicked on webelement</b></font></td></tr> <td><font size="2" face="Comic sans MS" color="green"><b>clicked on webelement</b></font></td></tr> <td><font size="2" face="Comic sans MS" color="green"><b>clicked on webelement</b></font></td></tr> <td><font size="2" face="Comic sans MS" color="green"><b>clicked on webelement</b></font></td></tr> <td><font size="2" face="Comic sans MS" color="green"><b>select (by option)Insured Name from the dropdown</b></font></td></tr> <td><font size="2" face="Comic sans MS" color="green"><b>type test_2020_08_18_14_47_08 in input field.</b></font></td></tr> <td><font size="2" face="Comic sans MS" color="green"><b>clicked on webelement</b></font></td></tr> <td><font size="2" face="Comic sans MS" color="green"><b>clicked on webelement</b></font></td></tr> <td><font size="2" face="Comic sans MS" color="green"><b>clicked on webelement</b></font></td></tr> <tr><td></td><td></td><td></td><td><font size="2" face="Comic sans MS" color="red"><b>error while clicking 0</b></font></td> <tr><td></td><td></td><td><font size="1" face="Comic sans MS" color="green"><a href="C:\Users\aabro\Downloads\kasback/src/test/resources/snapshots//4f3de574-3a39-47b6-bcc8-4f8b2a041bc1.png"><p align="left">Error occurred           Tue Aug 18 14:49:36 EDT 2020</p> <p><img width="16" src="C:\Users\aabro\Downloads\kasback/src/test/resources/snapshots//4f3de574-3a39-47b6-bcc8-4f8b2a041bc1.png" alt="executed onTue Aug 18 14:49:36 EDT 2020"/></p></a></font></td> <tr><td></td><td></td><td></td><td><font size="2" face="Comic sans MS" color="red"><b>Webelement selection Element <option> could not be scrolled into view
Build info: version: '3.8.1', revision: '6e95a6684b', time: '2017-12-01T18:33:54.468Z'
System info: host: 'WRGVMOFF147', ip: '172.21.90.88', os.name: 'Windows 10', os.arch: 'amd64', os.version: '10.0', java.version: '1.8.0_231'
Driver info: org.openqa.selenium.firefox.FirefoxDriver
Capabilities {acceptInsecureCerts: true, browserName: firefox, browserVersion: 77.0.1, javascriptEnabled: true, moz:accessibilityChecks: false, moz:buildID: 20200602222727, moz:geckodriverVersion: 0.26.0, moz:headless: false, moz:processID: 10556, moz:profile: C:\Users\aabro\AppData\Loca..., moz:shutdownTimeout: 60000, moz:useNonSpecCompliantPointerOrigin: false, moz:webdriverClick: true, pageLoadStrategy: normal, platform: WINDOWS, platformName: WINDOWS, platformVersion: 10.0, rotatable: false, setWindowRect: true, strictFileInteractability: false, timeouts: {implicit: 0, pageLoad: 300000, script: 30000}, unhandledPromptBehavior: dismiss and notify}
Session ID: da751899-0e42-4b33-a0cd-0cd8d13bfda6</b></font></td> <tr><td></td><td></td><td></td><td><font size="2" face="Comic sans MS" color="red"><b>error while type in text field 0</b></font></td> <td><font size="2" face="Comic sans MS" color="green"><b>clicked on webelement</b></font></td></tr> <td><font size="2" face="Comic sans MS" color="green"><b>clicked on webelement</b></font></td></tr> <td><font size="2" face="Comic sans MS" color="green"><b>select (by option)Insured Name from the dropdown</b></font></td></tr> <td><font size="2" face="Comic sans MS" color="green"><b>type test_2020_08_18_14_47_08 in input field.</b></font></td></tr> <td><font size="2" face="Comic sans MS" color="green"><b>clicked on webelement</b></font></td></tr> <tr><td></td><td></td><td></td><td><font size="2" face="Comic sans MS" color="green"><b>Test createQuoteWithUnderwriterIssuesAndPerformSearch1</b></font></td>  </system-out>
</testsuite> <!-- com.wrg.Regression.Tests.BOP_RegressionTests -->
